<?xml version="1.0" encoding="UTF-8"?>
<!-- Generated by org.testng.reporters.JUnitReportReporter -->
<testsuite hostname="DESKTOP-346RFLV" failures="0" tests="1" name="testCases.TC006_GET_ExtractValuesOfEachNodeInJSON" time="6.303" errors="0" timestamp="2022-11-09T12:44:44 EST" skipped="0">
  <testcase classname="testCases.TC006_GET_ExtractValuesOfEachNodeInJSON" name="validateEachNodeInJSON" time="6.303"/>
  <system-out/>
</testsuite> <!-- testCases.TC006_GET_ExtractValuesOfEachNodeInJSON -->
