<?xml version="1.0" encoding="UTF-8"?>
<!-- Generated by org.testng.reporters.JUnitReportReporter -->
<testsuite hostname="DESKTOP-346RFLV" failures="0" tests="1" name="testCases.TC003_GET_Request" time="4.705" errors="0" timestamp="2022-11-09T10:25:39 EST" skipped="0">
  <testcase classname="testCases.TC003_GET_Request" name="fakeRestAPIBookTest" time="4.705"/>
  <system-out/>
</testsuite> <!-- testCases.TC003_GET_Request -->
