<?xml version="1.0" encoding="UTF-8"?>
<!-- Generated by org.testng.reporters.JUnitReportReporter -->
<testsuite hostname="DESKTOP-346RFLV" failures="0" tests="1" name="testCases.TC007_GET_Req_Authorization" time="47.103" errors="0" timestamp="2022-11-09T13:14:52 EST" skipped="0">
  <testcase classname="testCases.TC007_GET_Req_Authorization" name="authorizationTest" time="47.103"/>
  <system-out/>
</testsuite> <!-- testCases.TC007_GET_Req_Authorization -->
