<?xml version="1.0" encoding="UTF-8"?>
<!-- Generated by org.testng.reporters.JUnitReportReporter -->
<testsuite hostname="DESKTOP-346RFLV" failures="0" tests="1" name="testCases.TC004_GET_AllHeaders" time="4.065" errors="0" timestamp="2022-11-09T10:36:21 EST" skipped="0">
  <testcase classname="testCases.TC004_GET_AllHeaders" name="getUserDetails" time="4.065"/>
  <system-out/>
</testsuite> <!-- testCases.TC004_GET_AllHeaders -->
